[    0.000000] Linux version 4.15.0-112-generic (buildd@lcy01-amd64-027) (gcc version 7.5.0 (Ubuntu 7.5.0-3ubuntu1~18.04)) #113-Ubuntu SMP Thu Jul 9 23:41:39 UTC 2020 (Ubuntu 4.15.0-112.113-generic 4.15.18)
[    0.000000] Command line: BOOT_IMAGE=/boot/vmlinuz-4.15.0-112-generic root=LABEL=cloudimg-rootfs ro console=tty1 console=ttyS0
[    0.000000] KERNEL supported cpus:
[    0.000000]   Intel GenuineIntel
[    0.000000]   AMD AuthenticAMD
[    0.000000]   Centaur CentaurHauls
[    0.000000] x86/fpu: Supporting XSAVE feature 0x001: 'x87 floating point registers'
[    0.000000] x86/fpu: Supporting XSAVE feature 0x002: 'SSE registers'
[    0.000000] x86/fpu: Supporting XSAVE feature 0x004: 'AVX registers'
[    0.000000] x86/fpu: xstate_offset[2]:  576, xstate_sizes[2]:  256
[    0.000000] x86/fpu: Enabled xstate features 0x7, context size is 832 bytes, using 'standard' format.
[    0.000000] e820: BIOS-provided physical RAM map:
[    0.000000] BIOS-e820: [mem 0x0000000000000000-0x000000000009fbff] usable
[    0.000000] BIOS-e820: [mem 0x000000000009fc00-0x000000000009ffff] reserved
[    0.000000] BIOS-e820: [mem 0x00000000000f0000-0x00000000000fffff] reserved
[    0.000000] BIOS-e820: [mem 0x0000000000100000-0x000000003ffeffff] usable
[    0.000000] BIOS-e820: [mem 0x000000003fff0000-0x000000003fffffff] ACPI data
[    0.000000] BIOS-e820: [mem 0x00000000fec00000-0x00000000fec00fff] reserved
[    0.000000] BIOS-e820: [mem 0x00000000fee00000-0x00000000fee00fff] reserved
[    0.000000] BIOS-e820: [mem 0x00000000fffc0000-0x00000000ffffffff] reserved
[    0.000000] NX (Execute Disable) protection: active
[    0.000000] SMBIOS 2.5 present.
[    0.000000] DMI: innotek GmbH VirtualBox/VirtualBox, BIOS VirtualBox 12/01/2006
[    0.000000] Hypervisor detected: KVM
[    0.000000] e820: last_pfn = 0x3fff0 max_arch_pfn = 0x400000000
[    0.000000] MTRR: Disabled
[    0.000000] x86/PAT: MTRRs disabled, skipping PAT initialization too.
[    0.000000] CPU MTRRs all blank - virtualized system.
[    0.000000] x86/PAT: Configuration [0-7]: WB  WT  UC- UC  WB  WT  UC- UC  
[    0.000000] found SMP MP-table at [mem 0x0009fff0-0x0009ffff]
[    0.000000] Scanning 1 areas for low memory corruption
[    0.000000] RAMDISK: [mem 0x35a6b000-0x36d2cfff]
[    0.000000] ACPI: Early table checksum verification disabled
[    0.000000] ACPI: RSDP 0x00000000000E0000 000024 (v02 VBOX  )
[    0.000000] ACPI: XSDT 0x000000003FFF0030 00003C (v01 VBOX   VBOXXSDT 00000001 ASL  00000061)
[    0.000000] ACPI: FACP 0x000000003FFF00F0 0000F4 (v04 VBOX   VBOXFACP 00000001 ASL  00000061)
[    0.000000] ACPI: DSDT 0x000000003FFF0470 002325 (v02 VBOX   VBOXBIOS 00000002 INTL 20100528)
[    0.000000] ACPI: FACS 0x000000003FFF0200 000040
[    0.000000] ACPI: FACS 0x000000003FFF0200 000040
[    0.000000] ACPI: APIC 0x000000003FFF0240 00005C (v02 VBOX   VBOXAPIC 00000001 ASL  00000061)
[    0.000000] ACPI: SSDT 0x000000003FFF02A0 0001CC (v01 VBOX   VBOXCPUT 00000002 INTL 20100528)
[    0.000000] No NUMA configuration found
[    0.000000] Faking a node at [mem 0x0000000000000000-0x000000003ffeffff]
[    0.000000] NODE_DATA(0) allocated [mem 0x3ffc5000-0x3ffeffff]
[    0.000000] kvm-clock: cpu 0, msr 0:3ff44001, primary cpu clock
[    0.000000] kvm-clock: Using msrs 4b564d01 and 4b564d00
[    0.000000] kvm-clock: using sched offset of 5912755513 cycles
[    0.000000] clocksource: kvm-clock: mask: 0xffffffffffffffff max_cycles: 0x1cd42e4dffb, max_idle_ns: 881590591483 ns
[    0.000000] Zone ranges:
[    0.000000]   DMA      [mem 0x0000000000001000-0x0000000000ffffff]
[    0.000000]   DMA32    [mem 0x0000000001000000-0x000000003ffeffff]
[    0.000000]   Normal   empty
[    0.000000]   Device   empty
[    0.000000] Movable zone start for each node
[    0.000000] Early memory node ranges
[    0.000000]   node   0: [mem 0x0000000000001000-0x000000000009efff]
[    0.000000]   node   0: [mem 0x0000000000100000-0x000000003ffeffff]
[    0.000000] Reserved but unavailable: 98 pages
[    0.000000] Initmem setup node 0 [mem 0x0000000000001000-0x000000003ffeffff]
[    0.000000] ACPI: PM-Timer IO Port: 0x4008
[    0.000000] IOAPIC[0]: apic_id 2, version 32, address 0xfec00000, GSI 0-23
[    0.000000] ACPI: INT_SRC_OVR (bus 0 bus_irq 0 global_irq 2 dfl dfl)
[    0.000000] ACPI: INT_SRC_OVR (bus 0 bus_irq 9 global_irq 9 low level)
[    0.000000] Using ACPI (MADT) for SMP configuration information
[    0.000000] smpboot: Allowing 2 CPUs, 0 hotplug CPUs
[    0.000000] PM: Registered nosave memory: [mem 0x00000000-0x00000fff]
[    0.000000] PM: Registered nosave memory: [mem 0x0009f000-0x0009ffff]
[    0.000000] PM: Registered nosave memory: [mem 0x000a0000-0x000effff]
[    0.000000] PM: Registered nosave memory: [mem 0x000f0000-0x000fffff]
[    0.000000] e820: [mem 0x40000000-0xfebfffff] available for PCI devices
[    0.000000] Booting paravirtualized kernel on KVM
[    0.000000] clocksource: refined-jiffies: mask: 0xffffffff max_cycles: 0xffffffff, max_idle_ns: 7645519600211568 ns
[    0.000000] random: get_random_bytes called from start_kernel+0x99/0x500 with crng_init=0
[    0.000000] setup_percpu: NR_CPUS:8192 nr_cpumask_bits:2 nr_cpu_ids:2 nr_node_ids:1
[    0.000000] percpu: Embedded 45 pages/cpu s147456 r8192 d28672 u1048576
[    0.000000] PV qspinlock hash table entries: 256 (order: 0, 4096 bytes)
[    0.000000] Built 1 zonelists, mobility grouping on.  Total pages: 257913
[    0.000000] Policy zone: DMA32
[    0.000000] Kernel command line: BOOT_IMAGE=/boot/vmlinuz-4.15.0-112-generic root=LABEL=cloudimg-rootfs ro console=tty1 console=ttyS0
[    0.000000] Memory: 983044K/1048120K available (12300K kernel code, 2481K rwdata, 4272K rodata, 2436K init, 2720K bss, 65076K reserved, 0K cma-reserved)
[    0.000000] SLUB: HWalign=64, Order=0-3, MinObjects=0, CPUs=2, Nodes=1
[    0.000000] Kernel/User page tables isolation: enabled
[    0.000000] ftrace: allocating 39378 entries in 154 pages
[    0.004000] Hierarchical RCU implementation.
[    0.004000] 	RCU restricting CPUs from NR_CPUS=8192 to nr_cpu_ids=2.
[    0.004000] 	Tasks RCU enabled.
[    0.004000] RCU: Adjusting geometry for rcu_fanout_leaf=16, nr_cpu_ids=2
[    0.004000] NR_IRQS: 524544, nr_irqs: 440, preallocated irqs: 16
[    0.004000] Console: colour VGA+ 80x25
[    0.004000] console [tty1] enabled
[    0.004000] console [ttyS0] enabled
[    0.004000] ACPI: Core revision 20170831
[    0.004000] ACPI: 2 ACPI AML tables successfully acquired and loaded
[    0.004000] APIC: Switch to symmetric I/O mode setup
[    0.004000] x2apic enabled
[    0.004009] Switched APIC routing to physical x2apic.
[    0.008000] ..TIMER: vector=0x30 apic1=0 pin1=2 apic2=-1 pin2=-1
[    0.008004] tsc: Detected 2494.220 MHz processor
[    0.012043] Calibrating delay loop (skipped) preset value.. 4988.44 BogoMIPS (lpj=9976880)
[    0.016003] pid_max: default: 32768 minimum: 301
[    0.017442] Security Framework initialized
[    0.018709] Yama: becoming mindful.
[    0.019867] AppArmor: AppArmor initialized
[    0.024000] Dentry cache hash table entries: 131072 (order: 8, 1048576 bytes)
[    0.024102] Inode-cache hash table entries: 65536 (order: 7, 524288 bytes)
[    0.028020] Mount-cache hash table entries: 2048 (order: 2, 16384 bytes)
[    0.032009] Mountpoint-cache hash table entries: 2048 (order: 2, 16384 bytes)
[    0.034713] Last level iTLB entries: 4KB 1024, 2MB 1024, 4MB 1024
[    0.036000] Last level dTLB entries: 4KB 1024, 2MB 1024, 4MB 1024, 1GB 4
[    0.036003] Spectre V1 : Mitigation: usercopy/swapgs barriers and __user pointer sanitization
[    0.040004] Spectre V2 : Mitigation: Full generic retpoline
[    0.041729] Spectre V2 : Spectre v2 / SpectreRSB mitigation: Filling RSB on context switch
[    0.044002] Speculative Store Bypass: Vulnerable
[    0.045476] SRBDS: Unknown: Dependent on hypervisor status
[    0.048002] MDS: Vulnerable: Clear CPU buffers attempted, no microcode
[    0.052307] Freeing SMP alternatives memory: 36K
[    0.164049] APIC calibration not consistent with PM-Timer: 105ms instead of 100ms
[    0.166569] APIC delta adjusted to PM-Timer: 6254202 (6585508)
[    0.168080] smpboot: CPU0: Intel(R) Core(TM) i7-4710MQ CPU @ 2.50GHz (family: 0x6, model: 0x3c, stepping: 0x3)
[    0.171240] Performance Events: unsupported p6 CPU model 60 no PMU driver, software events only.
[    0.172048] Hierarchical SRCU implementation.
[    0.174292] NMI watchdog: Perf event create on CPU 0 failed with -2
[    0.176002] NMI watchdog: Perf NMI watchdog permanently disabled
[    0.180071] smp: Bringing up secondary CPUs ...
[    0.181682] x86: Booting SMP configuration:
[    0.183037] .... node  #0, CPUs:      #1
[    0.004000] kvm-clock: cpu 1, msr 0:3ff44041, secondary cpu clock
[    0.190019] smp: Brought up 1 node, 2 CPUs
[    0.192006] smpboot: Max logical packages: 1
[    0.193413] smpboot: Total of 2 processors activated (9976.88 BogoMIPS)
[    0.196190] devtmpfs: initialized
[    0.197259] x86/mm: Memory block size: 128MB
[    0.198988] evm: security.selinux
[    0.200000] evm: security.SMACK64
[    0.200004] evm: security.SMACK64EXEC
[    0.201187] evm: security.SMACK64TRANSMUTE
[    0.202542] evm: security.SMACK64MMAP
[    0.204003] evm: security.apparmor
[    0.205210] evm: security.ima
[    0.206244] evm: security.capability
[    0.208243] clocksource: jiffies: mask: 0xffffffff max_cycles: 0xffffffff, max_idle_ns: 7645041785100000 ns
[    0.212026] futex hash table entries: 512 (order: 3, 32768 bytes)
[    0.216018] pinctrl core: initialized pinctrl subsystem
[    0.220189] RTC time: 11:08:15, date: 08/13/20
[    0.221942] NET: Registered protocol family 16
[    0.224231] audit: initializing netlink subsys (disabled)
[    0.226042] audit: type=2000 audit(1597316902.670:1): state=initialized audit_enabled=0 res=1
[    0.228024] cpuidle: using governor ladder
[    0.229647] cpuidle: using governor menu
[    0.232129] ACPI: bus type PCI registered
[    0.233586] acpiphp: ACPI Hot Plug PCI Controller Driver version: 0.5
[    0.236163] PCI: Using configuration type 1 for base access
[    0.241679] HugeTLB registered 2.00 MiB page size, pre-allocated 0 pages
[    0.244141] ACPI: Added _OSI(Module Device)
[    0.245582] ACPI: Added _OSI(Processor Device)
[    0.247048] ACPI: Added _OSI(3.0 _SCP Extensions)
[    0.248010] ACPI: Added _OSI(Processor Aggregator Device)
[    0.249608] ACPI: Added _OSI(Linux-Dell-Video)
[    0.251188] ACPI: Added _OSI(Linux-Lenovo-NV-HDMI-Audio)
[    0.252004] ACPI: Added _OSI(Linux-HPI-Hybrid-Graphics)
[    0.256467] ACPI: Executed 1 blocks of module-level executable AML code
[    0.271726] ACPI: Interpreter enabled
[    0.272035] ACPI: (supports S0 S5)
[    0.273243] ACPI: Using IOAPIC for interrupt routing
[    0.276809] PCI: Using host bridge windows from ACPI; if necessary, use "pci=nocrs" and report a bug
[    0.284388] ACPI: Enabled 2 GPEs in block 00 to 07
[    0.304000] ACPI: PCI Root Bridge [PCI0] (domain 0000 [bus 00-ff])
[    0.304011] acpi PNP0A03:00: _OSC: OS supports [ASPM ClockPM Segments MSI]
[    0.309720] acpi PNP0A03:00: _OSC: not requesting OS control; OS requires [ExtendedConfig ASPM ClockPM MSI]
[    0.312025] acpi PNP0A03:00: fail to add MMCONFIG information, can't access extended PCI configuration space under this bridge.
[    0.316481] PCI host bridge to bus 0000:00
[    0.317876] pci_bus 0000:00: root bus resource [io  0x0000-0x0cf7 window]
[    0.319963] pci_bus 0000:00: root bus resource [io  0x0d00-0xffff window]
[    0.320005] pci_bus 0000:00: root bus resource [mem 0x000a0000-0x000bffff window]
[    0.324005] pci_bus 0000:00: root bus resource [mem 0x40000000-0xfdffffff window]
[    0.327264] pci_bus 0000:00: root bus resource [bus 00-ff]
[    0.335327] pci 0000:00:01.1: legacy IDE quirk: reg 0x10: [io  0x01f0-0x01f7]
[    0.336005] pci 0000:00:01.1: legacy IDE quirk: reg 0x14: [io  0x03f6]
[    0.338005] pci 0000:00:01.1: legacy IDE quirk: reg 0x18: [io  0x0170-0x0177]
[    0.340004] pci 0000:00:01.1: legacy IDE quirk: reg 0x1c: [io  0x0376]
[    0.365723] pci 0000:00:07.0: quirk: [io  0x4000-0x403f] claimed by PIIX4 ACPI
[    0.368021] pci 0000:00:07.0: quirk: [io  0x4100-0x410f] claimed by PIIX4 SMB
[    0.386227] ACPI: PCI Interrupt Link [LNKA] (IRQs 5 9 10 *11)
[    0.388985] ACPI: PCI Interrupt Link [LNKB] (IRQs 5 9 *10 11)
[    0.392272] ACPI: PCI Interrupt Link [LNKC] (IRQs 5 *9 10 11)
[    0.394292] ACPI: PCI Interrupt Link [LNKD] (IRQs 5 9 10 *11)
[    0.396677] SCSI subsystem initialized
[    0.398054] pci 0000:00:02.0: vgaarb: setting as boot VGA device
[    0.398077] pci 0000:00:02.0: vgaarb: VGA device added: decodes=io+mem,owns=io+mem,locks=none
[    0.400011] pci 0000:00:02.0: vgaarb: bridge control possible
[    0.404010] vgaarb: loaded
[    0.405387] ACPI: bus type USB registered
[    0.407150] usbcore: registered new interface driver usbfs
[    0.408081] usbcore: registered new interface driver hub
[    0.412037] usbcore: registered new device driver usb
[    0.416093] EDAC MC: Ver: 3.0.0
[    0.420091] PCI: Using ACPI for IRQ routing
[    0.421889] NetLabel: Initializing
[    0.423063] NetLabel:  domain hash size = 128
[    0.424003] NetLabel:  protocols = UNLABELED CIPSOv4 CALIPSO
[    0.425774] NetLabel:  unlabeled traffic allowed by default
[    0.428174] clocksource: Switched to clocksource kvm-clock
[    0.471901] VFS: Disk quotas dquot_6.6.0
[    0.473379] VFS: Dquot-cache hash table entries: 512 (order 0, 4096 bytes)
[    0.475627] AppArmor: AppArmor Filesystem Enabled
[    0.477302] pnp: PnP ACPI init
[    0.481017] pnp: PnP ACPI: found 3 devices
[    0.495128] clocksource: acpi_pm: mask: 0xffffff max_cycles: 0xffffff, max_idle_ns: 2085701024 ns
[    0.498312] NET: Registered protocol family 2
[    0.500148] TCP established hash table entries: 8192 (order: 4, 65536 bytes)
[    0.502367] TCP bind hash table entries: 8192 (order: 5, 131072 bytes)
[    0.508623] TCP: Hash tables configured (established 8192 bind 8192)
[    0.511064] UDP hash table entries: 512 (order: 2, 16384 bytes)
[    0.513049] UDP-Lite hash table entries: 512 (order: 2, 16384 bytes)
[    0.515079] NET: Registered protocol family 1
[    0.516498] pci 0000:00:00.0: Limiting direct PCI/PCI transfers
[    0.518497] pci 0000:00:01.0: Activating ISA DMA hang workarounds
[    0.520428] pci 0000:00:02.0: Video device with shadowed ROM at [mem 0x000c0000-0x000dffff]
[    0.523360] Unpacking initramfs...
[    1.203385] Freeing initrd memory: 19208K
[    1.204999] clocksource: tsc: mask: 0xffffffffffffffff max_cycles: 0x23f3e58916c, max_idle_ns: 440795226006 ns
[    1.208133] platform rtc_cmos: registered platform RTC device (no PNP device found)
[    1.210778] Scanning for low memory corruption every 60 seconds
[    1.213798] Initialise system trusted keyrings
[    1.215337] Key type blacklist registered
[    1.216827] workingset: timestamp_bits=36 max_order=18 bucket_order=0
[    1.222869] zbud: loaded
[    1.224827] squashfs: version 4.0 (2009/01/31) Phillip Lougher
[    1.227017] fuse init (API version 7.26)
[    1.231561] Key type asymmetric registered
[    1.232890] Asymmetric key parser 'x509' registered
[    1.234494] Block layer SCSI generic (bsg) driver version 0.4 loaded (major 246)
[    1.237100] io scheduler noop registered
[    1.238331] io scheduler deadline registered
[    1.239905] io scheduler cfq registered (default)
[    1.241999] ACPI: AC Adapter [AC] (on-line)
[    1.243385] input: Power Button as /devices/LNXSYSTM:00/LNXPWRBN:00/input/input0
[    1.245944] ACPI: Power Button [PWRF]
[    1.247262] input: Sleep Button as /devices/LNXSYSTM:00/LNXSLPBN:00/input/input1
[    1.249720] ACPI: Sleep Button [SLPF]
[    1.253569] ACPI: Battery Slot [BAT0] (battery present)
[    1.255227] Serial: 8250/16550 driver, 32 ports, IRQ sharing enabled
[    1.278464] 00:02: ttyS0 at I/O 0x3f8 (irq = 4, base_baud = 115200) is a 16550A
[    1.286161] Linux agpgart interface v0.103
[    1.290166] loop: module loaded
[    1.292368] scsi host0: ata_piix
[    1.293678] scsi host1: ata_piix
[    1.294826] ata1: PATA max UDMA/33 cmd 0x1f0 ctl 0x3f6 bmdma 0xd000 irq 14
[    1.297022] ata2: PATA max UDMA/33 cmd 0x170 ctl 0x376 bmdma 0xd008 irq 15
[    1.299601] libphy: Fixed MDIO Bus: probed
[    1.301233] tun: Universal TUN/TAP device driver, 1.6
[    1.303261] PPP generic driver version 2.4.2
[    1.305214] ehci_hcd: USB 2.0 'Enhanced' Host Controller (EHCI) Driver
[    1.307270] ehci-pci: EHCI PCI platform driver
[    1.308791] ehci-platform: EHCI generic platform driver
[    1.310472] ohci_hcd: USB 1.1 'Open' Host Controller (OHCI) Driver
[    1.312410] ohci-pci: OHCI PCI platform driver
[    1.313928] ohci-platform: OHCI generic platform driver
[    1.315658] uhci_hcd: USB Universal Host Controller Interface driver
[    1.317771] i8042: PNP: PS/2 Controller [PNP0303:PS2K,PNP0f03:PS2M] at 0x60,0x64 irq 1,12
[    1.321197] serio: i8042 KBD port at 0x60,0x64 irq 1
[    1.322854] serio: i8042 AUX port at 0x60,0x64 irq 12
[    1.324719] mousedev: PS/2 mouse device common for all mice
[    1.328492] rtc_cmos rtc_cmos: rtc core: registered rtc_cmos as rtc0
[    1.331014] input: AT Translated Set 2 keyboard as /devices/platform/i8042/serio0/input/input2
[    1.332174] rtc_cmos rtc_cmos: alarms up to one day, 114 bytes nvram
[    1.335746] i2c /dev entries driver
[    1.337095] device-mapper: uevent: version 1.0.3
[    1.338768] device-mapper: ioctl: 4.37.0-ioctl (2017-09-20) initialised: dm-devel@redhat.com
[    1.341689] ledtrig-cpu: registered to indicate activity on CPUs
[    1.344507] NET: Registered protocol family 10
[    1.351930] Segment Routing with IPv6
[    1.353565] NET: Registered protocol family 17
[    1.355119] Key type dns_resolver registered
[    1.356795] mce: Using 0 MCE banks
[    1.358030] RAS: Correctable Errors collector initialized.
[    1.359781] sched_clock: Marking stable (1356762933, 0)->(1702802822, -346039889)
[    1.362922] registered taskstats version 1
[    1.364343] Loading compiled-in X.509 certificates
[    1.369500] Loaded X.509 cert 'Build time autogenerated kernel key: 1d4b83cbc5f7a3cd7e4471a5cf69d65d9314bdf5'
[    1.372672] zswap: loaded using pool lzo/zbud
[    1.379681] Key type big_key registered
[    1.381211] Key type trusted registered
[    1.385215] Key type encrypted registered
[    1.386593] AppArmor: AppArmor sha1 policy hashing enabled
[    1.388378] ima: No TPM chip found, activating TPM-bypass! (rc=-19)
[    1.390330] ima: Allocated hash algorithm: sha1
[    1.391789] evm: HMAC attrs: 0x1
[    1.393314]   Magic number: 0:220:125
[    1.394574] acpi device:00: hash matches
[    1.396091] rtc_cmos rtc_cmos: setting system clock to 2020-08-13 11:08:16 UTC (1597316896)
[    1.399044] BIOS EDD facility v0.16 2004-Jun-25, 0 devices found
[    1.400966] EDD information not available.
[    1.535341] Freeing unused kernel image memory: 2436K
[    1.544360] Write protecting the kernel read-only data: 20480k
[    1.547638] Freeing unused kernel image memory: 2008K
[    1.549935] Freeing unused kernel image memory: 1872K
[    1.583325] x86/mm: Checked W+X mappings: passed, no W+X pages found.
[    1.585367] x86/mm: Checking user space page tables
[    1.619959] x86/mm: Checked W+X mappings: passed, no W+X pages found.
Loading, please wait...
starting version 237
[    1.746322] e1000: Intel(R) PRO/1000 Network Driver - version 7.3.21-k8-NAPI
[    1.748503] e1000: Copyright (c) 1999-2006 Intel Corporation.
[    1.754454] Fusion MPT base driver 3.04.20
[    1.755785] Copyright (c) 1999-2008 LSI Corporation
[    1.780645] Fusion MPT SPI Host driver 3.04.20
[    1.788836] AVX2 version of gcm_enc/dec engaged.
[    1.790622] AES CTR mode by8 optimization enabled
[    1.967737] input: ImExPS/2 Generic Explorer Mouse as /devices/platform/i8042/serio1/input/input4
[    2.218574] e1000 0000:00:03.0 eth0: (PCI:33MHz:32-bit) 02:b5:22:41:d5:db
[    2.220790] e1000 0000:00:03.0 eth0: Intel(R) PRO/1000 Network Connection
[    2.224805] e1000 0000:00:03.0 enp0s3: renamed from eth0
[    2.225289] mptbase: ioc0: Initiating bringup
[    2.942426] ioc0: LSI53C1030 A0: Capabilities={Initiator}
[    6.246544] scsi host2: ioc0: LSI53C1030 A0, FwRev=00000000h, Ports=1, MaxQ=256, IRQ=20
[    8.191672] scsi 2:0:0:0: Direct-Access     VBOX     HARDDISK         1.0  PQ: 0 ANSI: 5
[    8.236660] scsi target2:0:0: Beginning Domain Validation
[    8.252661] scsi target2:0:0: Domain Validation skipping write tests
[    8.261012] scsi target2:0:0: Ending Domain Validation
[    8.268246] scsi target2:0:0: asynchronous
[    8.276952] scsi 2:0:1:0: Direct-Access     VBOX     HARDDISK         1.0  PQ: 0 ANSI: 5
[    8.320501] scsi target2:0:1: Beginning Domain Validation
[    8.331532] random: fast init done
[    8.341540] scsi target2:0:1: Domain Validation skipping write tests
[    8.349747] scsi target2:0:1: Ending Domain Validation
[    8.356874] scsi target2:0:1: asynchronous
[    8.380762] random: systemd-udevd: uninitialized urandom read (16 bytes read)
[    8.385221] random: systemd-udevd: uninitialized urandom read (16 bytes read)
[    8.390236] random: systemd-udevd: uninitialized urandom read (16 bytes read)
[    8.394767] sd 2:0:0:0: Attached scsi generic sg0 type 0
[    8.398987] sd 2:0:0:0: [sda] 20971520 512-byte logical blocks: (10.7 GB/10.0 GiB)
[    8.403198] sd 2:0:0:0: [sda] Write Protect is off
[    8.404956] sd 2:0:1:0: Attached scsi generic sg1 type 0
[    8.406930] sd 2:0:1:0: [sdb] 20480 512-byte logical blocks: (10.5 MB/10.0 MiB)
[    8.409498] sd 2:0:1:0: [sdb] Write Protect is off
[    8.413284] sd 2:0:0:0: [sda] Incomplete mode parameter data
[    8.415059] sd 2:0:0:0: [sda] Assuming drive cache: write through
[    8.416127] sd 2:0:1:0: [sdb] Incomplete mode parameter data
[    8.418628] sd 2:0:1:0: [sdb] Assuming drive cache: write through
[    8.429365]  sda: sda1
[    8.431909] sd 2:0:0:0: [sda] Attached SCSI disk
[    8.453970] sd 2:0:1:0: [sdb] Attached SCSI disk
Begin: Loading essential drivers ... [   10.748726] raid6: sse2x1   gen()  2666 MB/s
[   10.796336] raid6: sse2x1   xor()  1810 MB/s
[   10.844404] raid6: sse2x2   gen()  6395 MB/s
[   10.893204] raid6: sse2x2   xor()  3026 MB/s
[   10.940046] raid6: sse2x4   gen()  6578 MB/s
[   10.988460] raid6: sse2x4   xor()  3987 MB/s
[   11.036592] raid6: avx2x1   gen()  5534 MB/s
[   11.084579] raid6: avx2x1   xor()  3065 MB/s
[   11.132415] raid6: avx2x2   gen() 10756 MB/s
[   11.180274] raid6: avx2x2   xor()  5405 MB/s
[   11.228089] raid6: avx2x4   gen() 14021 MB/s
[   11.276528] raid6: avx2x4   xor()  7124 MB/s
[   11.277967] raid6: using algorithm avx2x4 gen() 14021 MB/s
[   11.279772] raid6: .... xor() 7124 MB/s, rmw enabled
[   11.281482] raid6: using avx2x2 recovery algorithm
[   11.284637] xor: automatically using best checksumming function   avx       
[   11.288624] async_tx: api initialized (async)
done.
Begin: Running /scripts/init-premount ... done.
Begin: Mounting root file system ... Begin: Running /scripts/local-top ... done.
Begin: Running /scripts/local-premount ... [   11.392095] Btrfs loaded, crc32c=crc32c-intel
Scanning for Btrfs filesystems
done.
Warning: fsck not present, so skipping root file system
[   11.575968] EXT4-fs (sda1): mounted filesystem with ordered data mode. Opts: (null)
done.
Begin: Running /scripts/local-bottom ... done.
Begin: Running /scripts/init-bottom ... done.
[   12.886157] ip_tables: (C) 2000-2006 Netfilter Core Team
[   12.992975] systemd[1]: systemd 237 running in system mode. (+PAM +AUDIT +SELINUX +IMA +APPARMOR +SMACK +SYSVINIT +UTMP +LIBCRYPTSETUP +GCRYPT +GNUTLS +ACL +XZ +LZ4 +SECCOMP +BLKID +ELFUTILS +KMOD -IDN2 +IDN -PCRE2 default-hierarchy=hybrid)
[   13.019410] systemd[1]: Detected virtualization oracle.
[   13.023641] systemd[1]: Detected architecture x86-64.

Welcome to [1mUbuntu 18.04.5 LTS[0m!

[   13.045951] systemd[1]: Set hostname to <ubuntu>.
[   13.092053] systemd[1]: Initializing machine ID from random generator.
[   13.100455] systemd[1]: Installed transient /etc/machine-id file.
[   13.947128] random: crng init done
[   13.950101] random: 7 urandom warning(s) missed due to ratelimiting
[   14.859037] systemd[1]: Reached target System Time Synchronized.
[[0;32m  OK  [0m] Reached target System Time Synchronized.
[   14.862211] systemd[1]: Reached target User and Group Name Lookups.
[[0;32m  OK  [0m] Reached target User and Group Name Lookups.
[   14.867816] systemd[1]: Created slice System Slice.
[[0;32m  OK  [0m] Created slice System Slice.
[   14.870620] systemd[1]: Listening on /dev/initctl Compatibility Named Pipe.
[[0;32m  OK  [0m] Listening on /dev/initctl Compatibility Named Pipe.
[[0;32m  OK  [0m] Started Forward Password Requests to Wall Directory Watch.
[[0;32m  OK  [0m] Created slice system-serial\x2dgetty.slice.
[[0;32m  OK  [0m] Set up automount Arbitrary Executab…rmats File System Automount Point.
[[0;32m  OK  [0m] Listening on LVM2 metadata daemon socket.
[[0;32m  OK  [0m] Listening on Journal Socket.
         Starting Remount Root and Kernel File Systems...
         Starting Uncomplicated firewall...
         Mounting Kernel Debug File System...
         Starting Set the console keyboard layout...
         Mounting Huge Pages File System...
[[0;32m  OK  [0m] Listening on udev Control Socket.
         Starting Load Kernel Modules...
[[0;32m  OK  [0m] Listening on Network Service Netlink Socket.
         Starting Create list of required st…ce nodes for the current kernel...
[[0;32m  OK  [0m] Created slice User and Session Slice.
[[0;32m  OK  [0m] Reached target Slices.
[[0;32m  OK  [0m] Listening on Device-mapper event daemon FIFOs.
         Starting Monitoring of LVM2 mirrors…ng dmeventd or progress polling...
[[0;32m  OK  [0m] Listening on udev Kernel Socket.
         Mounting POSIX Message Queue File System...
[[0;32m  OK  [0m] Listening on Journal Audit Socket.
[[0;32m  OK  [0m] Listening on Syslog Socket.
[[0;32m  OK  [0m] Listening on Journal Socket (/dev/log).
[[0;32m  OK  [0m] Listening on LVM2 poll daemon socket.
         Starting udev Coldplug all Devices...
         Starting Journal Service...
[[0;32m  OK  [0m] Reached target Swap.
[[0;32m  OK  [0m] Started Uncomplicated firewall.
[[0;32m  OK  [0m] Mounted Kernel Debug File System.
[[0;32m  OK  [0m] Mounted Huge Pages File System.
[[0;32m  OK  [0m] Mounted POSIX Message Queue File System.
[   15.085696] Loading iSCSI transport class v2.0-870.
[   15.104917] iscsi: registered transport (tcp)
[   15.146895] EXT4-fs (sda1): re-mounted. Opts: (null)
[[0;32m  OK  [0m] Started Create list of required sta…vice nodes for the current kernel.
[[0;32m  OK  [0m] Started Remount Root and Kernel File Systems.
         Starting Load/Save Random Seed...
         Starting Create Static Device Nodes in /dev...
[[0;32m  OK  [0m] Started Journal Service.
         Starting Flush Journal to Persistent Storage...
[[0;32m  OK  [0m] Started Load/Save Random Seed.
[[0;32m  OK  [0m] Started udev Coldplug all Devices.
[[0;32m  OK  [0m] Started Create Static Device Nodes in /dev.
         Starting udev Kernel Device Manager...
[[0;32m  OK  [0m] Started Set the console keyboard layout.
[[0;32m  OK  [0m] Started LVM2 metadata daemon.
[   15.727239] systemd-journald[406]: Received request to flush runtime journal from PID 1
[   15.829035] iscsi: registered transport (iser)
[[0;32m  OK  [0m] Started Load Kernel Modules.
         Mounting FUSE Control File System...
         Mounting Kernel Configuration File System...
         Starting Apply Kernel Variables...
[[0;32m  OK  [0m] Mounted FUSE Control File System.
[[0;32m  OK  [0m] Mounted Kernel Configuration File System.
[[0;32m  OK  [0m] Started Monitoring of LVM2 mirrors,…sing dmeventd or progress polling.
[[0;32m  OK  [0m] Reached target Local File Systems (Pre).
[[0;32m  OK  [0m] Reached target Local File Systems.
         Starting ebtables ruleset management...
         Starting Set console font and keymap...
         Starting Commit a transient machine-id on disk...
         Starting AppArmor initialization...
         Starting Tell Plymouth To Write Out Runtime Data...
[[0;32m  OK  [0m] Started Flush Journal to Persistent Storage.
         Starting Create Volatile Files and Directories...
[[0;32m  OK  [0m] Started Set console font and keymap.
[[0;32m  OK  [0m] Started Apply Kernel Variables.
[[0;32m  OK  [0m] Started Tell Plymouth To Write Out Runtime Data.
[[0;32m  OK  [0m] Started Create Volatile Files and Directories.
         Starting Update UTMP about System Boot/Shutdown...
[[0;32m  OK  [0m] Started udev Kernel Device Manager.
[[0;32m  OK  [0m] Started Dispatch Password Requests to Console Directory Watch.
[[0;32m  OK  [0m] Reached target Local Encrypted Volumes.
[[0;32m  OK  [0m] Started Commit a transient machine-id on disk.
[[0;32m  OK  [0m] Started Update UTMP about System Boot/Shutdown.
[[0;32m  OK  [0m] Started ebtables ruleset management.
[[0;32m  OK  [0m] Found device /dev/ttyS0.
[[0;32m  OK  [0m] Listening on Load/Save RF Kill Switch Status /dev/rfkill Watch.
[[0;32m  OK  [0m] Started AppArmor initialization.
         Starting Initial cloud-init job (pre-networking)...
         Starting Load AppArmor profiles managed internally by snapd...
[[0;32m  OK  [0m] Started Load AppArmor profiles managed internally by snapd.
[   25.948408] cloud-init[545]: Cloud-init v. 20.2-45-g5f7825e2-0ubuntu1~18.04.1 running 'init-local' at Thu, 13 Aug 2020 11:08:40 +0000. Up 25.09 seconds.
[[0;32m  OK  [0m] Started Initial cloud-init job (pre-networking).
[[0;32m  OK  [0m] Reached target Network (Pre).
         Starting Network Service...
[[0;32m  OK  [0m] Started Network Service.
         Starting Wait for Network to be Configured...
         Starting Network Name Resolution...
[[0;32m  OK  [0m] Started Network Name Resolution.
[[0;32m  OK  [0m] Reached target Host and Network Name Lookups.
[[0;32m  OK  [0m] Reached target Network.
[[0;32m  OK  [0m] Started Wait for Network to be Configured.
         Starting Initial cloud-init job (metadata service crawler)...
[   28.794152] cloud-init[696]: Cloud-init v. 20.2-45-g5f7825e2-0ubuntu1~18.04.1 running 'init' at Thu, 13 Aug 2020 11:08:43 +0000. Up 28.40 seconds.
[   28.796845] cloud-init[696]: ci-info: ++++++++++++++++++++++++++++++++++++++Net device info++++++++++++++++++++++++++++++++++++++
[   28.799148] cloud-init[696]: ci-info: +--------+------+----------------------------+---------------+--------+-------------------+
[   28.801104] cloud-init[696]: ci-info: | Device |  Up  |          Address           |      Mask     | Scope  |     Hw-Address    |
[   28.803355] cloud-init[696]: ci-info: +--------+------+----------------------------+---------------+--------+-------------------+
[   28.805586] cloud-init[696]: ci-info: | enp0s3 | True |         10.0.2.15          | 255.255.255.0 | global | 02:b5:22:41:d5:db |
[   28.807776] cloud-init[696]: ci-info: | enp0s3 | True | fe80::b5:22ff:fe41:d5db/64 |       .       |  link  | 02:b5:22:41:d5:db |
[   28.810146] cloud-init[696]: ci-info: |   lo   | True |         127.0.0.1          |   255.0.0.0   |  host  |         .         |
[   28.812760] cloud-init[696]: ci-info: |   lo   | True |          ::1/128           |       .       |  host  |         .         |
[   28.815274] cloud-init[696]: ci-info: +--------+------+----------------------------+---------------+--------+-------------------+
[   28.817591] cloud-init[696]: ci-info: ++++++++++++++++++++++++++++Route IPv4 info+++++++++++++++++++++++++++++
[   28.819998] cloud-init[696]: ci-info: +-------+-------------+----------+-----------------+-----------+-------+
[   28.821703] cloud-init[696]: ci-info: | Route | Destination | Gateway  |     Genmask     | Interface | Flags |
[   28.823621] cloud-init[696]: ci-info: +-------+-------------+----------+-----------------+-----------+-------+
[   28.825535] cloud-init[696]: ci-info: |   0   |   0.0.0.0   | 10.0.2.2 |     0.0.0.0     |   enp0s3  |   UG  |
[   28.827599] cloud-init[696]: ci-info: |   1   |   10.0.2.0  | 0.0.0.0  |  255.255.255.0  |   enp0s3  |   U   |
[   28.829616] cloud-init[696]: ci-info: |   2   |   10.0.2.2  | 0.0.0.0  | 255.255.255.255 |   enp0s3  |   UH  |
[   28.831299] cloud-init[696]: ci-info: +-------+-------------+----------+-----------------+-----------+-------+
[   28.833310] cloud-init[696]: ci-info: +++++++++++++++++++Route IPv6 info+++++++++++++++++++
[   28.834976] cloud-init[696]: ci-info: +-------+-------------+---------+-----------+-------+
[   28.836708] cloud-init[696]: ci-info: | Route | Destination | Gateway | Interface | Flags |
[   28.838307] cloud-init[696]: ci-info: +-------+-------------+---------+-----------+-------+
[   28.840068] cloud-init[696]: ci-info: |   1   |  fe80::/64  |    ::   |   enp0s3  |   U   |
[   28.841427] cloud-init[696]: ci-info: |   3   |    local    |    ::   |   enp0s3  |   U   |
[   28.843108] cloud-init[696]: ci-info: |   4   |   ff00::/8  |    ::   |   enp0s3  |   U   |
[   28.846338] cloud-init[696]: ci-info: +-------+-------------+---------+-----------+-------+
[   30.871948] cloud-init[696]: Generating public/private rsa key pair.
[   30.873616] cloud-init[696]: Your identification has been saved in /etc/ssh/ssh_host_rsa_key.
[   30.875410] cloud-init[696]: Your public key has been saved in /etc/ssh/ssh_host_rsa_key.pub.
[   30.877373] cloud-init[696]: The key fingerprint is:
[   30.878586] cloud-init[696]: SHA256:0kEmskujqkedki3ky2nO93l2TWe/PorMnmvnvtSZyj4 root@ubuntu-bionic
[   30.880460] cloud-init[696]: The key's randomart image is:
[   30.881968] cloud-init[696]: +---[RSA 2048]----+
[   30.883537] cloud-init[696]: |    . . o        |
[   30.884782] cloud-init[696]: |     o +         |
[   30.885938] cloud-init[696]: |    +   .        |
[   30.887370] cloud-init[696]: |  .o o . .       |
[   30.888658] cloud-init[696]: | o.+... S        |
[   30.889723] cloud-init[696]: | .* +  .    . + o|
[   30.890928] cloud-init[696]: |.o =       o + = |
[   30.892234] cloud-init[696]: |..* .  .o +.*E...|
[   30.893463] cloud-init[696]: |.+o. .oo .oB*O=oo|
[   30.894928] cloud-init[696]: +----[SHA256]-----+
[   30.896513] cloud-init[696]: Generating public/private dsa key pair.
[   30.899753] cloud-init[696]: Your identification has been saved in /etc/ssh/ssh_host_dsa_key.
[   30.901409] cloud-init[696]: Your public key has been saved in /etc/ssh/ssh_host_dsa_key.pub.
[   30.903693] cloud-init[696]: The key fingerprint is:
[   30.904885] cloud-init[696]: SHA256:1bGDirsEtIJ0S5OgEpV/zJOX7242O+hbRVZL+5QOuuk root@ubuntu-bionic
[   30.906882] cloud-init[696]: The key's randomart image is:
[   30.908762] cloud-init[696]: +---[DSA 1024]----+
[   30.910147] cloud-init[696]: |.o..        . o  |
[   30.911403] cloud-init[696]: |..o .      o = o.|
[   30.912761] cloud-init[696]: |o. *.o . .o *.o..|
[   30.914385] cloud-init[696]: |o.o.+.*.oo o..oo |
[   30.915819] cloud-init[696]: |. ..o..oS. ..  ..|
[   30.917556] cloud-init[696]: |   . . .  ..o    |
[   30.919009] cloud-init[696]: |      o  o.o     |
[   30.920395] cloud-init[696]: |     . ...B      |
[   30.921584] cloud-init[696]: |      ..o=oE     |
[   30.922789] cloud-init[696]: +----[SHA256]-----+
[   30.923867] cloud-init[696]: Generating public/private ecdsa key pair.
[   30.925339] cloud-init[696]: Your identification has been saved in /etc/ssh/ssh_host_ecdsa_key.
[   30.926847] cloud-init[696]: Your public key has been saved in /etc/ssh/ssh_host_ecdsa_key.pub.
[   30.929050] cloud-init[696]: The key fingerprint is:
[   30.940841] cloud-init[696]: SHA256:MHpUTvygs4GdGVa/Y+R0j3eRIF4LSxkd+LBMb9THeXc root@ubuntu-bionic
[   30.942818] cloud-init[696]: The key's randomart image is:
[   30.944213] cloud-init[696]: +---[ECDSA 256]---+
[   30.945577] cloud-init[696]: |       o+  ==+o..|
[   30.947349] cloud-init[696]: |      o+o.o==oooE|
[   30.949179] cloud-init[696]: |     ++=.o*oB. o=|
[   30.950388] cloud-init[696]: |    .oBo +.= *  .|
[   30.951580] cloud-init[696]: |    . .+S = o o .|
[   30.952948] cloud-init[696]: |     ..  . . . . |
[   30.954138] cloud-init[696]: |                 |
[   30.955337] cloud-init[696]: |                 |
[   30.956569] cloud-init[696]: |                 |
[   30.957796] cloud-init[696]: +----[SHA256]-----+
[   30.959005] cloud-init[696]: Generating public/private ed25519 key pair.
[   30.960557] cloud-init[696]: Your identification has been saved in /etc/ssh/ssh_host_ed25519_key.
[   30.962418] cloud-init[696]: Your public key has been saved in /etc/ssh/ssh_host_ed25519_key.pub.
[   30.964660] cloud-init[696]: The key fingerprint is:
[   30.966124] cloud-init[696]: SHA256:UbxnlDYwL5PDgmHfMKCD3DEOFMRne7sMrgwOsuP9rus root@ubuntu-bionic
[   30.968253] cloud-init[696]: The key's randomart image is:
[   30.969597] cloud-init[696]: +--[ED25519 256]--+
[   30.971076] cloud-init[696]: | +=.o +.o.+. .   |
[   30.972447] cloud-init[696]: | ..=o= + *.+=    |
[   30.973636] cloud-init[696]: |  oo=.. + B+..   |
[   30.974795] cloud-init[696]: |    ...  o.+o    |
[   30.976035] cloud-init[696]: |     . .S  o     |
[[0;32m  OK  [0m] Started Initial cloud-init job (metadata service crawler).
[   30.984824] cloud-init[696]: |    . .          |
[   30.985866] cloud-init[696]: |+  . o .         |
[   30.987754] cloud-init[696]: |=+. . o          |
[[   30.990947] cloud-init[696]: |o++E=o           |
[   30.991215] cloud-init[696]: +----[SHA256]-----+
[0;32m  OK  [0m] Reached target System Initialization.
         Starting LXD - unix socket.
         Starting Socket activation for snappy daemon.
[[0;32m  OK  [0m] Started Daily apt download activities.
[[0;32m  OK  [0m] Listening on D-Bus System Message Bus Socket.
[[0;32m  OK  [0m] Listening on UUID daemon activation socket.
[[0;32m  OK  [0m] Listening on Open-iSCSI iscsid Socket.
[[0;32m  OK  [0m] Started Daily Cleanup of Temporary Directories.
[[0;32m  OK  [0m] Started Daily apt upgrade and clean activities.
[[0;32m  OK  [0m] Listening on ACPID Listen Socket.
[[0;32m  OK  [0m] Started ACPI Events Check.
[[0;32m  OK  [0m] Started Discard unused blocks once a week.
[[0;32m  OK  [0m] Reached target Paths.
[[0;32m  OK  [0m] Started Message of the Day.
[[0;32m  OK  [0m] Reached target Timers.
[[0;32m  OK  [0m] Reached target Cloud-config availability.
[[0;32m  OK  [0m] Reached target Network is Online.
         Starting Availability of block devices...
[[0;32m  OK  [0m] Reached target Remote File Systems (Pre).
[[0;32m  OK  [0m] Reached target Remote File Systems.
[[0;32m  OK  [0m] Listening on LXD - unix socket.
[[0;32m  OK  [0m] Listening on Socket activation for snappy daemon.
[[0;32m  OK  [0m] Reached target Sockets.
[[0;32m  OK  [0m] Reached target Basic System.
[[0;32m  OK  [0m] Started Deferred execution scheduler.
         Starting Login Service...
[[0;32m  OK  [0m] Started Regular background program processing daemon.
         Starting LSB: automatic crash report generation...
         Starting System Logging Service...
         Starting LSB: Record successful boot for GRUB...
         Starting Snap Daemon...
[[0;32m  OK  [0m] Started irqbalance daemon.
         Starting Accounts Service...
         Starting Virtualbox guest utils...
[[0;32m  OK  [0m] Started FUSE filesystem for LXC.
         Starting Permit User Sessions...
[[0;32m  OK  [0m] Started D-Bus System Message Bus.
         Starting Dispatcher daemon for systemd-networkd...
         Starting Pollinate to seed the pseudo random number generator...
         Starting LXD - container startup/shutdown...
[[0;32m  OK  [0m] Started System Logging Service.
[[0;32m  OK  [0m] Started Availability of block devices.
[[0;32m  OK  [0m] Started Permit User Sessions.
[[0;32m  OK  [0m] Started Login Service.
         Starting Authorization Manager...
[[0;32m  OK  [0m] Started Unattended Upgrades Shutdown.
         Starting Hold until boot process finishes up...
         Starting Terminate Plymouth Boot Screen...
[[0;32m  OK  [0m] Started Hold until boot process finishes up.
         Starting Set console scheme...
[[0;32m  OK  [0m] Started Serial Getty on ttyS0.
[[0;32m  OK  [0m] Started Terminate Plymouth Boot Screen.
[[0;32m  OK  [0m] Started Set console scheme.
[[0;32m  OK  [0m] Created slice system-getty.slice.
[[0;32m  OK  [0m] Started Getty on tty1.
[[0;32m  OK  [0m] Reached target Login Prompts.
[[0;32m  OK  [0m] Started LSB: automatic crash report generation.
[[0;32m  OK  [0m] Started LSB: Record successful boot for GRUB.
[[0;32m  OK  [0m] Started Authorization Manager.
[[0;32m  OK  [0m] Started Accounts Service.
[[0;32m  OK  [0m] Started Virtualbox guest utils.
[[0;32m  OK  [0m] Started Dispatcher daemon for systemd-networkd.
[[0;32m  OK  [0m] Started LXD - container startup/shutdown.
[[0;32m  OK  [0m] Started Snap Daemon.
         Starting Wait until snapd is fully seeded...

Ubuntu 18.04.5 LTS ubuntu-bionic ttyS0

ubuntu-bionic login: [   50.994002] cloud-init[1617]: Cloud-init v. 20.2-45-g5f7825e2-0ubuntu1~18.04.1 running 'modules:config' at Thu, 13 Aug 2020 11:09:04 +0000. Up 48.96 seconds.
ci-info: no authorized SSH keys fingerprints found for user ubuntu.
<14>Aug 13 11:09:07 ec2: 
<14>Aug 13 11:09:07 ec2: #############################################################
<14>Aug 13 11:09:07 ec2: -----BEGIN SSH HOST KEY FINGERPRINTS-----
<14>Aug 13 11:09:07 ec2: 1024 SHA256:1bGDirsEtIJ0S5OgEpV/zJOX7242O+hbRVZL+5QOuuk root@ubuntu-bionic (DSA)
<14>Aug 13 11:09:07 ec2: 256 SHA256:MHpUTvygs4GdGVa/Y+R0j3eRIF4LSxkd+LBMb9THeXc root@ubuntu-bionic (ECDSA)
<14>Aug 13 11:09:07 ec2: 256 SHA256:UbxnlDYwL5PDgmHfMKCD3DEOFMRne7sMrgwOsuP9rus root@ubuntu-bionic (ED25519)
<14>Aug 13 11:09:07 ec2: 2048 SHA256:0kEmskujqkedki3ky2nO93l2TWe/PorMnmvnvtSZyj4 root@ubuntu-bionic (RSA)
<14>Aug 13 11:09:07 ec2: -----END SSH HOST KEY FINGERPRINTS-----
<14>Aug 13 11:09:07 ec2: #############################################################
-----BEGIN SSH HOST KEY KEYS-----
ecdsa-sha2-nistp256 AAAAE2VjZHNhLXNoYTItbmlzdHAyNTYAAAAIbmlzdHAyNTYAAABBBCQsuT7qAxnvnqySql+cXOZnwk423AV+CHnCrX2ivCdpiZd4oXTVjcrgNuskBhJaw2weZAJ7T4lVjPAB8eZA/eM= root@ubuntu-bionic
ssh-ed25519 AAAAC3NzaC1lZDI1NTE5AAAAIAnkXbk89shrz5J8BoELdJrMVriB5T9vyC39YLsHPvIv root@ubuntu-bionic
ssh-rsa AAAAB3NzaC1yc2EAAAADAQABAAABAQDY15jXH2gybeVFVPsEhLO+Wos2OFfkPDo/A4vqNECP8VUQEkuuwh2qWXw/9YBgkYhJ7kojJHnG/F3Jj05NvtaN/bFXfhTx2yqdlIcOWT9CNc+dSRE2v+FI79QFZGGjirkVextyLU8h45sBfdkMVuvu9wdio+Y4Q4uXMVQ7/ZyzizHGibV1u01qoNtSentWH9+lMGTFiv1emkD0UUDF0wQU/FNrFE7rRe43eqOmNZZ7/okuvMsrNBsYWjfAb8aMrL8YVE29MHRwhcry5CzM8yUF0M+h0v0O3YsgqDPW8hYtoOZuOCdkiCptKb+WWGrNLMNKQROwDFF+FU4ScxZBM0NV root@ubuntu-bionic
-----END SSH HOST KEY KEYS-----
[   52.258240] cloud-init[1758]: Cloud-init v. 20.2-45-g5f7825e2-0ubuntu1~18.04.1 running 'modules:final' at Thu, 13 Aug 2020 11:09:07 +0000. Up 51.91 seconds.
[   52.258390] cloud-init[1758]: ci-info: no authorized SSH keys fingerprints found for user ubuntu.
[   52.258920] cloud-init[1758]: Cloud-init v. 20.2-45-g5f7825e2-0ubuntu1~18.04.1 finished at Thu, 13 Aug 2020 11:09:07 +0000. Datasource DataSourceNoCloud [seed=/dev/sdb][dsmode=net].  Up 52.23 seconds
